# JRE version: OpenJDK Runtime Environment Temurin-21.0.8+9 (21.0.8+9) (build 21.0.8+9-LTS)
# Java VM: OpenJDK 64-Bit Server VM Temurin-21.0.8+9 (21.0.8+9-LTS, mixed mode, sharing, tiered, compressed oops, compressed class ptrs, parallel gc, windows-amd64)
GC Precious Log:
 CardTable entry size: 512
 CPUs: 4 total, 4 available
 Memory: 16318M
 Large Page Support: Disabled
 NUMA Support: Disabled
 Compressed Oops: Enabled (32-bit)
 Alignments: Space 512K, Generation 512K, Heap 2M
 Heap Min Capacity: 100M
 Heap Initial Capacity: 100M
 Heap Max Capacity: 2G
 Pre-touch: Disabled
 Parallel Workers: 4
Heap:
 PSYoungGen      total 8192K, used 4861K [0x00000000d5580000, 0x00000000d6080000, 0x0000000100000000)
  eden space 4608K, 41% used [0x00000000d5580000,0x00000000d57637b0,0x00000000d5a00000)
  from space 3584K, 81% used [0x00000000d5d00000,0x00000000d5fdbda0,0x00000000d6080000)
  to   space 3072K, 0% used [0x00000000d5a00000,0x00000000d5a00000,0x00000000d5d00000)
 ParOldGen       total 826368K, used 825972K [0x0000000080000000, 0x00000000b2700000, 0x00000000d5580000)
  object space 826368K, 99% used [0x0000000080000000,0x00000000b269d108,0x00000000b2700000)
 Metaspace       used 102341K, committed 104000K, reserved 1179648K
  class space    used 10315K, committed 11072K, reserved 1048576K
GC Heap History (20 events):
Event: 107445.739 GC heap before
{Heap before GC invocations=8945 (full 8):
 PSYoungGen      total 3584K, used 3476K [0x00000000d5580000, 0x00000000d5a80000, 0x0000000100000000)
  eden space 3072K, 100% used [0x00000000d5580000,0x00000000d5880000,0x00000000d5880000)
  from space 512K, 79% used [0x00000000d5a00000,0x00000000d5a65200,0x00000000d5a80000)
  to   space 512K, 0% used [0x00000000d5980000,0x00000000d5980000,0x00000000d5a00000)
 ParOldGen       total 814592K, used 814523K [0x0000000080000000, 0x00000000b1b80000, 0x00000000d5580000)
  object space 814592K, 99% used [0x0000000080000000,0x00000000b1b6ec68,0x00000000b1b80000)
 Metaspace       used 102341K, committed 104000K, reserved 1179648K
  class space    used 10315K, committed 11072K, reserved 1048576K
}
Event: 107445.741 GC heap after
{Heap after GC invocations=8945 (full 8):
 PSYoungGen      total 4608K, used 512K [0x00000000d5580000, 0x00000000d5b80000, 0x0000000100000000)
  eden space 4096K, 0% used [0x00000000d5580000,0x00000000d5580000,0x00000000d5980000)
  from space 512K, 100% used [0x00000000d5980000,0x00000000d5a00000,0x00000000d5a00000)
  to   space 1024K, 0% used [0x00000000d5a80000,0x00000000d5a80000,0x00000000d5b80000)
 ParOldGen       total 815104K, used 814885K [0x0000000080000000, 0x00000000b1c00000, 0x00000000d5580000)
  object space 815104K, 99% used [0x0000000080000000,0x00000000b1bc97a8,0x00000000b1c00000)
 Metaspace       used 102341K, committed 104000K, reserved 1179648K
  class space    used 10315K, committed 11072K, reserved 1048576K
}
Event: 107445.748 GC heap before
{Heap before GC invocations=8946 (full 8):
 PSYoungGen      total 4608K, used 4607K [0x00000000d5580000, 0x00000000d5b80000, 0x0000000100000000)
  eden space 4096K, 99% used [0x00000000d5580000,0x00000000d597fff8,0x00000000d5980000)
  from space 512K, 100% used [0x00000000d5980000,0x00000000d5a00000,0x00000000d5a00000)
  to   space 1024K, 0% used [0x00000000d5a80000,0x00000000d5a80000,0x00000000d5b80000)
 ParOldGen       total 815104K, used 814885K [0x0000000080000000, 0x00000000b1c00000, 0x00000000d5580000)
  object space 815104K, 99% used [0x0000000080000000,0x00000000b1bc97a8,0x00000000b1c00000)
 Metaspace       used 102341K, committed 104000K, reserved 1179648K
  class space    used 10315K, committed 11072K, reserved 1048576K
}
Event: 107445.751 GC heap after
{Heap after GC invocations=8946 (full 8):
 PSYoungGen      total 2048K, used 1007K [0x00000000d5580000, 0x00000000d6280000, 0x0000000100000000)
  eden space 1024K, 0% used [0x00000000d5580000,0x00000000d5580000,0x00000000d5680000)
  from space 1024K, 98% used [0x00000000d5a80000,0x00000000d5b7bda0,0x00000000d5b80000)
  to   space 4096K, 0% used [0x00000000d5680000,0x00000000d5680000,0x00000000d5a80000)
 ParOldGen       total 817152K, used 817123K [0x0000000080000000, 0x00000000b1e00000, 0x00000000d5580000)
  object space 817152K, 99% used [0x0000000080000000,0x00000000b1df8db8,0x00000000b1e00000)
 Metaspace       used 102341K, committed 104000K, reserved 1179648K
  class space    used 10315K, committed 11072K, reserved 1048576K
}
Event: 107445.753 GC heap before
{Heap before GC invocations=8947 (full 8):
 PSYoungGen      total 2048K, used 2031K [0x00000000d5580000, 0x00000000d6280000, 0x0000000100000000)
  eden space 1024K, 100% used [0x00000000d5580000,0x00000000d5680000,0x00000000d5680000)
  from space 1024K, 98% used [0x00000000d5a80000,0x00000000d5b7bda0,0x00000000d5b80000)
  to   space 4096K, 0% used [0x00000000d5680000,0x00000000d5680000,0x00000000d5a80000)
 ParOldGen       total 817152K, used 817123K [0x0000000080000000, 0x00000000b1e00000, 0x00000000d5580000)
  object space 817152K, 99% used [0x0000000080000000,0x00000000b1df8db8,0x00000000b1e00000)
 Metaspace       used 102341K, committed 104000K, reserved 1179648K
  class space    used 10315K, committed 11072K, reserved 1048576K
}
Event: 107445.755 GC heap after
{Heap after GC invocations=8947 (full 8):
 PSYoungGen      total 2048K, used 992K [0x00000000d5580000, 0x00000000d5b00000, 0x0000000100000000)
  eden space 1024K, 0% used [0x00000000d5580000,0x00000000d5580000,0x00000000d5680000)
  from space 1024K, 96% used [0x00000000d5680000,0x00000000d5778000,0x00000000d5780000)
  to   space 2048K, 0% used [0x00000000d5900000,0x00000000d5900000,0x00000000d5b00000)
 ParOldGen       total 818176K, used 818154K [0x0000000080000000, 0x00000000b1f00000, 0x00000000d5580000)
  object space 818176K, 99% used [0x0000000080000000,0x00000000b1efab58,0x00000000b1f00000)
 Metaspace       used 102341K, committed 104000K, reserved 1179648K
  class space    used 10315K, committed 11072K, reserved 1048576K
}
Event: 107445.757 GC heap before
{Heap before GC invocations=8948 (full 8):
 PSYoungGen      total 2048K, used 2016K [0x00000000d5580000, 0x00000000d5b00000, 0x0000000100000000)
  eden space 1024K, 100% used [0x00000000d5580000,0x00000000d5680000,0x00000000d5680000)
  from space 1024K, 96% used [0x00000000d5680000,0x00000000d5778000,0x00000000d5780000)
  to   space 2048K, 0% used [0x00000000d5900000,0x00000000d5900000,0x00000000d5b00000)
 ParOldGen       total 818176K, used 818154K [0x0000000080000000, 0x00000000b1f00000, 0x00000000d5580000)
  object space 818176K, 99% used [0x0000000080000000,0x00000000b1efab58,0x00000000b1f00000)
 Metaspace       used 102341K, committed 104000K, reserved 1179648K
  class space    used 10315K, committed 11072K, reserved 1048576K
}
Event: 107445.759 GC heap after
{Heap after GC invocations=8948 (full 8):
 PSYoungGen      total 2560K, used 879K [0x00000000d5580000, 0x00000000d5a00000, 0x0000000100000000)
  eden space 1536K, 0% used [0x00000000d5580000,0x00000000d5580000,0x00000000d5700000)
  from space 1024K, 85% used [0x00000000d5900000,0x00000000d59dbda0,0x00000000d5a00000)
  to   space 1536K, 0% used [0x00000000d5700000,0x00000000d5700000,0x00000000d5880000)
 ParOldGen       total 819200K, used 819090K [0x0000000080000000, 0x00000000b2000000, 0x00000000d5580000)
  object space 819200K, 99% used [0x0000000080000000,0x00000000b1fe4b58,0x00000000b2000000)
 Metaspace       used 102341K, committed 104000K, reserved 1179648K
  class space    used 10315K, committed 11072K, reserved 1048576K
}
Event: 107445.762 GC heap before
{Heap before GC invocations=8949 (full 8):
 PSYoungGen      total 2560K, used 2415K [0x00000000d5580000, 0x00000000d5a00000, 0x0000000100000000)
  eden space 1536K, 100% used [0x00000000d5580000,0x00000000d5700000,0x00000000d5700000)
  from space 1024K, 85% used [0x00000000d5900000,0x00000000d59dbda0,0x00000000d5a00000)
  to   space 1536K, 0% used [0x00000000d5700000,0x00000000d5700000,0x00000000d5880000)
 ParOldGen       total 819200K, used 819090K [0x0000000080000000, 0x00000000b2000000, 0x00000000d5580000)
  object space 819200K, 99% used [0x0000000080000000,0x00000000b1fe4b58,0x00000000b2000000)
 Metaspace       used 102341K, committed 104000K, reserved 1179648K
  class space    used 10315K, committed 11072K, reserved 1048576K
}
Event: 107445.765 GC heap after
{Heap after GC invocations=8949 (full 8):
 PSYoungGen      total 3072K, used 1536K [0x00000000d5580000, 0x00000000d5d80000, 0x0000000100000000)
  eden space 1536K, 0% used [0x00000000d5580000,0x00000000d5580000,0x00000000d5700000)
  from space 1536K, 100% used [0x00000000d5700000,0x00000000d5880000,0x00000000d5880000)
  to   space 3072K, 0% used [0x00000000d5a80000,0x00000000d5a80000,0x00000000d5d80000)
 ParOldGen       total 820224K, used 819970K [0x0000000080000000, 0x00000000b2100000, 0x00000000d5580000)
  object space 820224K, 99% used [0x0000000080000000,0x00000000b20c08f8,0x00000000b2100000)
 Metaspace       used 102341K, committed 104000K, reserved 1179648K
  class space    used 10315K, committed 11072K, reserved 1048576K
}
Event: 107445.768 GC heap before
{Heap before GC invocations=8950 (full 8):
 PSYoungGen      total 3072K, used 3072K [0x00000000d5580000, 0x00000000d5d80000, 0x0000000100000000)
  eden space 1536K, 100% used [0x00000000d5580000,0x00000000d5700000,0x00000000d5700000)
  from space 1536K, 100% used [0x00000000d5700000,0x00000000d5880000,0x00000000d5880000)
  to   space 3072K, 0% used [0x00000000d5a80000,0x00000000d5a80000,0x00000000d5d80000)
 ParOldGen       total 820224K, used 819970K [0x0000000080000000, 0x00000000b2100000, 0x00000000d5580000)
  object space 820224K, 99% used [0x0000000080000000,0x00000000b20c08f8,0x00000000b2100000)
 Metaspace       used 102341K, committed 104000K, reserved 1179648K
  class space    used 10315K, committed 11072K, reserved 1048576K
}
Event: 107445.771 GC heap after
{Heap after GC invocations=8950 (full 8):
 PSYoungGen      total 3584K, used 1536K [0x00000000d5580000, 0x00000000d5c00000, 0x0000000100000000)
  eden space 2048K, 0% used [0x00000000d5580000,0x00000000d5580000,0x00000000d5780000)
  from space 1536K, 100% used [0x00000000d5a80000,0x00000000d5c00000,0x00000000d5c00000)
  to   space 2048K, 0% used [0x00000000d5800000,0x00000000d5800000,0x00000000d5a00000)
 ParOldGen       total 821760K, used 821490K [0x0000000080000000, 0x00000000b2280000, 0x00000000d5580000)
  object space 821760K, 99% used [0x0000000080000000,0x00000000b223c8f8,0x00000000b2280000)
 Metaspace       used 102341K, committed 104000K, reserved 1179648K
  class space    used 10315K, committed 11072K, reserved 1048576K
}
Event: 107445.775 GC heap before
{Heap before GC invocations=8951 (full 8):
 PSYoungGen      total 3584K, used 3584K [0x00000000d5580000, 0x00000000d5c00000, 0x0000000100000000)
  eden space 2048K, 100% used [0x00000000d5580000,0x00000000d5780000,0x00000000d5780000)
  from space 1536K, 100% used [0x00000000d5a80000,0x00000000d5c00000,0x00000000d5c00000)
  to   space 2048K, 0% used [0x00000000d5800000,0x00000000d5800000,0x00000000d5a00000)
 ParOldGen       total 821760K, used 821490K [0x0000000080000000, 0x00000000b2280000, 0x00000000d5580000)
  object space 821760K, 99% used [0x0000000080000000,0x00000000b223c8f8,0x00000000b2280000)
 Metaspace       used 102341K, committed 104000K, reserved 1179648K
  class space    used 10315K, committed 11072K, reserved 1048576K
}
Event: 107445.777 GC heap after
{Heap after GC invocations=8951 (full 8):
 PSYoungGen      total 4608K, used 442K [0x00000000d5580000, 0x00000000d5b00000, 0x0000000100000000)
  eden space 2560K, 0% used [0x00000000d5580000,0x00000000d5580000,0x00000000d5800000)
  from space 2048K, 21% used [0x00000000d5800000,0x00000000d586e900,0x00000000d5a00000)
  to   space 1024K, 0% used [0x00000000d5a00000,0x00000000d5a00000,0x00000000d5b00000)
 ParOldGen       total 823296K, used 823018K [0x0000000080000000, 0x00000000b2400000, 0x00000000d5580000)
  object space 823296K, 99% used [0x0000000080000000,0x00000000b23ba8f8,0x00000000b2400000)
 Metaspace       used 102341K, committed 104000K, reserved 1179648K
  class space    used 10315K, committed 11072K, reserved 1048576K
}
Event: 107445.783 GC heap before
{Heap before GC invocations=8952 (full 8):
 PSYoungGen      total 4608K, used 3002K [0x00000000d5580000, 0x00000000d5b00000, 0x0000000100000000)
  eden space 2560K, 100% used [0x00000000d5580000,0x00000000d5800000,0x00000000d5800000)
  from space 2048K, 21% used [0x00000000d5800000,0x00000000d586e900,0x00000000d5a00000)
  to   space 1024K, 0% used [0x00000000d5a00000,0x00000000d5a00000,0x00000000d5b00000)
 ParOldGen       total 823296K, used 823018K [0x0000000080000000, 0x00000000b2400000, 0x00000000d5580000)
  object space 823296K, 99% used [0x0000000080000000,0x00000000b23ba8f8,0x00000000b2400000)
 Metaspace       used 102341K, committed 104000K, reserved 1179648K
  class space    used 10315K, committed 11072K, reserved 1048576K
}
Event: 107445.785 GC heap after
{Heap after GC invocations=8952 (full 8):
 PSYoungGen      total 3584K, used 416K [0x00000000d5580000, 0x00000000d5a80000, 0x0000000100000000)
  eden space 3072K, 0% used [0x00000000d5580000,0x00000000d5580000,0x00000000d5880000)
  from space 512K, 81% used [0x00000000d5a00000,0x00000000d5a68000,0x00000000d5a80000)
  to   space 512K, 0% used [0x00000000d5980000,0x00000000d5980000,0x00000000d5a00000)
 ParOldGen       total 823808K, used 823428K [0x0000000080000000, 0x00000000b2480000, 0x00000000d5580000)
  object space 823808K, 99% used [0x0000000080000000,0x00000000b2421108,0x00000000b2480000)
 Metaspace       used 102341K, committed 104000K, reserved 1179648K
  class space    used 10315K, committed 11072K, reserved 1048576K
}
Event: 107445.790 GC heap before
{Heap before GC invocations=8953 (full 8):
 PSYoungGen      total 3584K, used 3488K [0x00000000d5580000, 0x00000000d5a80000, 0x0000000100000000)
  eden space 3072K, 100% used [0x00000000d5580000,0x00000000d5880000,0x00000000d5880000)
  from space 512K, 81% used [0x00000000d5a00000,0x00000000d5a68000,0x00000000d5a80000)
  to   space 512K, 0% used [0x00000000d5980000,0x00000000d5980000,0x00000000d5a00000)
 ParOldGen       total 823808K, used 823428K [0x0000000080000000, 0x00000000b2480000, 0x00000000d5580000)
  object space 823808K, 99% used [0x0000000080000000,0x00000000b2421108,0x00000000b2480000)
 Metaspace       used 102341K, committed 104000K, reserved 1179648K
  class space    used 10315K, committed 11072K, reserved 1048576K
}
Event: 107445.792 GC heap after
{Heap after GC invocations=8953 (full 8):
 PSYoungGen      total 4608K, used 495K [0x00000000d5580000, 0x00000000d6080000, 0x0000000100000000)
  eden space 4096K, 0% used [0x00000000d5580000,0x00000000d5580000,0x00000000d5980000)
  from space 512K, 96% used [0x00000000d5980000,0x00000000d59fbda0,0x00000000d5a00000)
  to   space 3584K, 0% used [0x00000000d5d00000,0x00000000d5d00000,0x00000000d6080000)
 ParOldGen       total 826368K, used 825940K [0x0000000080000000, 0x00000000b2700000, 0x00000000d5580000)
  object space 826368K, 99% used [0x0000000080000000,0x00000000b2695108,0x00000000b2700000)
 Metaspace       used 102341K, committed 104000K, reserved 1179648K
  class space    used 10315K, committed 11072K, reserved 1048576K
}
Event: 107445.801 GC heap before
{Heap before GC invocations=8954 (full 8):
 PSYoungGen      total 4608K, used 4591K [0x00000000d5580000, 0x00000000d6080000, 0x0000000100000000)
  eden space 4096K, 100% used [0x00000000d5580000,0x00000000d5980000,0x00000000d5980000)
  from space 512K, 96% used [0x00000000d5980000,0x00000000d59fbda0,0x00000000d5a00000)
  to   space 3584K, 0% used [0x00000000d5d00000,0x00000000d5d00000,0x00000000d6080000)
 ParOldGen       total 826368K, used 825940K [0x0000000080000000, 0x00000000b2700000, 0x00000000d5580000)
  object space 826368K, 99% used [0x0000000080000000,0x00000000b2695108,0x00000000b2700000)
 Metaspace       used 102341K, committed 104000K, reserved 1179648K
  class space    used 10315K, committed 11072K, reserved 1048576K
}
Event: 107445.803 GC heap after
{Heap after GC invocations=8954 (full 8):
 PSYoungGen      total 8192K, used 2927K [0x00000000d5580000, 0x00000000d6080000, 0x0000000100000000)
  eden space 4608K, 0% used [0x00000000d5580000,0x00000000d5580000,0x00000000d5a00000)
  from space 3584K, 81% used [0x00000000d5d00000,0x00000000d5fdbda0,0x00000000d6080000)
  to   space 3072K, 0% used [0x00000000d5a00000,0x00000000d5a00000,0x00000000d5d00000)
 ParOldGen       total 826368K, used 825972K [0x0000000080000000, 0x00000000b2700000, 0x00000000d5580000)
  object space 826368K, 99% used [0x0000000080000000,0x00000000b269d108,0x00000000b2700000)
 Metaspace       used 102341K, committed 104000K, reserved 1179648K
  class space    used 10315K, committed 11072K, reserved 1048576K
}

